<?xml version="1.0" encoding="UTF-8"?>
<Site BuildName="(empty)"
	BuildStamp="20240517-0114-Experimental"
	Name="robot-ROS2"
	Generator="ctest-3.22.1"
	CompilerName="/usr/bin/c++"
	CompilerVersion="11.4.0"
	OSName="Linux"
	Hostname="robot-ROS2"
	OSRelease="5.15.0-1055-raspi"
	OSVersion="#58-Ubuntu SMP PREEMPT Sat May 4 03:52:40 UTC 2024"
	OSPlatform="aarch64"
	Is64Bits="1"
	VendorString=""
	VendorID="Unknown Manufacturer"
	FamilyID="8"
	ModelID="0"
	ProcessorCacheSize="0"
	NumberOfLogicalCPU="4"
	NumberOfPhysicalCPU="1"
	TotalVirtualMemory="0"
	TotalPhysicalMemory="3790"
	LogicalProcessorsPerPhysical="4"
	ProcessorClockFrequency="0"
	>
	<Testing>
		<StartDateTime>May 17 17:54 CDT</StartDateTime>
		<StartTestTime>1715986491</StartTestTime>
		<TestList/>
		<EndDateTime>May 17 17:54 CDT</EndDateTime>
		<EndTestTime>1715986491</EndTestTime>
		<ElapsedMinutes>0</ElapsedMinutes>
	</Testing>
</Site>
