<?xml version="1.0" encoding="UTF-8"?>
<Site BuildName="(empty)"
	BuildStamp="20240514-1602-Experimental"
	Name="robot-ROS2"
	Generator="ctest-3.22.1"
	CompilerName="/usr/bin/c++"
	CompilerVersion="11.4.0"
	OSName="Linux"
	Hostname="robot-ROS2"
	OSRelease="5.15.0-1053-raspi"
	OSVersion="#56-Ubuntu SMP PREEMPT Mon Apr 15 18:50:10 UTC 2024"
	OSPlatform="aarch64"
	Is64Bits="1"
	VendorString=""
	VendorID="Unknown Manufacturer"
	FamilyID="8"
	ModelID="0"
	ProcessorCacheSize="0"
	NumberOfLogicalCPU="4"
	NumberOfPhysicalCPU="1"
	TotalVirtualMemory="0"
	TotalPhysicalMemory="3790"
	LogicalProcessorsPerPhysical="4"
	ProcessorClockFrequency="0"
	>
	<Testing>
		<StartDateTime>May 14 13:49 CDT</StartDateTime>
		<StartTestTime>1715712547</StartTestTime>
		<TestList/>
		<EndDateTime>May 14 13:49 CDT</EndDateTime>
		<EndTestTime>1715712547</EndTestTime>
		<ElapsedMinutes>0</ElapsedMinutes>
	</Testing>
</Site>
