<?xml version="1.0" encoding="UTF-8"?>
<Site BuildName="(empty)"
	BuildStamp="20240331-1601-Experimental"
	Name="robot-ROS2"
	Generator="ctest-3.22.1"
	CompilerName="/usr/bin/c++"
	CompilerVersion="11.4.0"
	OSName="Linux"
	Hostname="robot-ROS2"
	OSRelease="5.15.0-1049-raspi"
	OSVersion="#52-Ubuntu SMP PREEMPT Thu Mar 14 08:39:42 UTC 2024"
	OSPlatform="aarch64"
	Is64Bits="1"
	VendorString=""
	VendorID="Unknown Manufacturer"
	FamilyID="8"
	ModelID="0"
	ProcessorCacheSize="0"
	NumberOfLogicalCPU="4"
	NumberOfPhysicalCPU="1"
	TotalVirtualMemory="0"
	TotalPhysicalMemory="3790"
	LogicalProcessorsPerPhysical="4"
	ProcessorClockFrequency="0"
	>
	<Testing>
		<StartDateTime>Mar 31 16:23 CDT</StartDateTime>
		<StartTestTime>1711920234</StartTestTime>
		<TestList/>
		<EndDateTime>Mar 31 16:23 CDT</EndDateTime>
		<EndTestTime>1711920234</EndTestTime>
		<ElapsedMinutes>0</ElapsedMinutes>
	</Testing>
</Site>
