<?xml version="1.0" encoding="UTF-8"?>
<Site BuildName="(empty)"
	BuildStamp="20240325-0115-Experimental"
	Name="robot-ROS2"
	Generator="ctest-3.22.1"
	CompilerName="/usr/bin/c++"
	CompilerVersion="11.4.0"
	OSName="Linux"
	Hostname="robot-ROS2"
	OSRelease="5.15.0-1048-raspi"
	OSVersion="#51-Ubuntu SMP PREEMPT Thu Feb 22 10:30:12 UTC 2024"
	OSPlatform="aarch64"
	Is64Bits="1"
	VendorString=""
	VendorID="Unknown Manufacturer"
	FamilyID="8"
	ModelID="0"
	ProcessorCacheSize="0"
	NumberOfLogicalCPU="4"
	NumberOfPhysicalCPU="1"
	TotalVirtualMemory="0"
	TotalPhysicalMemory="3790"
	LogicalProcessorsPerPhysical="4"
	ProcessorClockFrequency="0"
	>
	<Testing>
		<StartDateTime>Mar 25 16:10 CDT</StartDateTime>
		<StartTestTime>1711401039</StartTestTime>
		<TestList/>
		<EndDateTime>Mar 25 16:10 CDT</EndDateTime>
		<EndTestTime>1711401039</EndTestTime>
		<ElapsedMinutes>0</ElapsedMinutes>
	</Testing>
</Site>
